Arguments: 
  /usr/local/Cellar/node/14.3.0_1/bin/node /usr/local/Cellar/yarn/1.22.4/libexec/bin/yarn.js add ––dev nodemon babel-cli babel-preset-env babel-preset-stage-3

PATH: 
  /Library/Frameworks/Python.framework/Versions/3.8/bin:/usr/local/bin:/usr/bin:/bin:/usr/sbin:/sbin:/Library/Apple/usr/bin

Yarn version: 
  1.22.4

Node version: 
  14.3.0

Platform: 
  darwin x64

Trace: 
  TypeError [ERR_UNESCAPED_CHARACTERS]: Request path contains unescaped characters
      at new ClientRequest (_http_client.js:151:13)
      at Object.request (https.js:310:10)
      at Request.module.exports.Request.start (/usr/local/Cellar/yarn/1.22.4/libexec/lib/cli.js:141310:32)
      at Request.module.exports.Request.end (/usr/local/Cellar/yarn/1.22.4/libexec/lib/cli.js:142069:10)
      at end (/usr/local/Cellar/yarn/1.22.4/libexec/lib/cli.js:141123:14)
      at Immediate._onImmediate (/usr/local/Cellar/yarn/1.22.4/libexec/lib/cli.js:141137:7)
      at processImmediate (internal/timers.js:456:21)

npm manifest: 
  {
    "name": "slack-clone-server",
    "version": "1.0.0",
    "description": "",
    "main": "index.js",
    "scripts": {
      "test": "echo \"Error: no test specified\" && exit 1"
    },
    "keywords": [],
    "author": "",
    "license": "ISC"
  }

yarn manifest: 
  No manifest

Lockfile: 
  No lockfile
